\BOOKMARK [2][-]{subsection.0.1}{\376\377\000I\000n\000t\000e\000r\000v\000a\000l\000l\000i\000\040\000d\000i\000\040\000c\000o\000n\000f\000i\000d\000e\000n\000z\000a\000\040\000\050\000U\000n\000i\000l\000a\000t\000e\000r\000a\000l\000i\000\051}{}% 1
\BOOKMARK [2][-]{subsection.0.2}{\376\377\000E\000s\000e\000m\000p\000i\000o\000:}{}% 2
\BOOKMARK [2][-]{subsection.0.3}{\376\377\000I\000n\000t\000e\000r\000v\000a\000l\000l\000o\000\040\000d\000i\000\040\000c\000o\000n\000f\000i\000d\000e\000n\000z\000a}{}% 3
\BOOKMARK [2][-]{subsection.0.4}{\376\377\000I\000n\000t\000e\000r\000v\000a\000l\000l\000o\000\040\000d\000i\000\040\000c\000o\000n\000f\000i\000d\000e\000n\000z\000a\000\040\000n\000e\000l\000l\000a\000\040\000v\000a\000r\000i\000a\000n\000z\000a}{}% 4
\BOOKMARK [2][-]{subsection.0.5}{\376\377\000I\000n\000t\000e\000r\000v\000a\000l\000l\000o\000\040\000d\000i\000\040\000c\000o\000n\000f\000i\000d\000e\000n\000z\000a}{}% 5
\BOOKMARK [2][-]{subsection.0.6}{\376\377\000I\000n\000t\000e\000r\000v\000a\000l\000l\000o\000\040\000d\000i\000\040\000p\000r\000e\000v\000i\000s\000i\000o\000n\000e}{}% 6
\BOOKMARK [2][-]{subsection.0.7}{\376\377\000Q\000u\000a\000l\000i\000t\000\340\000\040\000d\000i\000\040\000u\000n\000o\000\040\000s\000t\000i\000m\000a\000t\000o\000r\000e}{}% 7
\BOOKMARK [2][-]{subsection.0.8}{\376\377\000P\000r\000o\000p\000r\000i\000e\000t\000\340\000\040\000d\000i\000\040\000u\000n\000o\000\040\000s\000t\000i\000m\000a\000t\000o\000r\000e}{}% 8
\BOOKMARK [2][-]{subsection.0.9}{\376\377\000S\000t\000i\000m\000a\000t\000o\000r\000e\000\040\000u\000n\000b\000a\000i\000e\000s\000e\000o}{}% 9
\BOOKMARK [2][-]{subsection.0.10}{\376\377\000V\000a\000l\000u\000t\000a\000z\000i\000o\000n\000e\000\040\000d\000i\000\040\000u\000n\000o\000\040\000s\000t\000i\000m\000a\000t\000o\000r\000e}{}% 10
\BOOKMARK [2][-]{subsection.0.11}{\376\377\000E\000s\000e\000m\000p\000i\000o\000:}{}% 11
\BOOKMARK [1][-]{section.1}{\376\377\000T\000e\000s\000t\000\040\000d\000i\000\040\000i\000p\000o\000t\000e\000s\000i}{}% 12
\BOOKMARK [2][-]{subsection.1.1}{\376\377\000M\000e\000t\000o\000l\000o\000d\000o\000g\000i\000a\000\040\000a\000l\000t\000e\000r\000n\000a\000t\000i\000v\000a}{section.1}% 13
\BOOKMARK [2][-]{subsection.1.2}{\376\377\000T\000e\000s\000t\000\040\000d\000i\000\040\000H\000p\000\040\000u\000n\000i\000l\000a\000t\000e\000r\000a\000l\000e}{section.1}% 14
\BOOKMARK [2][-]{subsection.1.3}{\376\377\000T\000e\000s\000t\000\040\000d\000i\000\040\000i\000p\000o\000t\000e\000s\000i}{section.1}% 15
\BOOKMARK [2][-]{subsection.1.4}{\376\377\000U\000g\000u\000a\000g\000l\000i\000a\000n\000z\000a\000\040\000m\000e\000d\000i\000a\000\040\000d\000i\000\040\000d\000u\000e\000\040\000p\000o\000p\000o\000l\000a\000z\000i\000o\000n\000i}{section.1}% 16
\BOOKMARK [2][-]{subsection.1.5}{\376\377\000M\000o\000d\000e\000l\000l\000i\000\040\000p\000r\000e\000v\000i\000s\000i\000o\000n\000a\000l\000i}{section.1}% 17
\BOOKMARK [3][-]{subsubsection.1.5.1}{\376\377\000M\000o\000d\000e\000l\000l\000i\000\040\000d\000i\000\040\000r\000e\000g\000r\000e\000s\000s\000i\000o\000n\000e\000\040\000p\000r\000e\000v\000i\000s\000i\000o\000n\000a\000l\000e}{subsection.1.5}% 18
\BOOKMARK [3][-]{subsubsection.1.5.2}{\376\377\000R\000e\000g\000r\000e\000s\000s\000i\000o\000n\000e\000\040\000l\000i\000n\000e\000a\000r\000e}{subsection.1.5}% 19
\BOOKMARK [3][-]{subsubsection.1.5.3}{\376\377\000R\000e\000g\000r\000e\000s\000s\000i\000o\000n\000e\000\040\000L\000i\000n\000e\000a\000r\000e\000\040\000\050\000e\000\040\000n\000o\000n\000\051}{subsection.1.5}% 20
