\BOOKMARK [1][-]{section.1}{\376\377\000I\000n\000t\000r\000o\000d\000u\000z\000i\000o\000n\000e}{}% 1
\BOOKMARK [1][-]{section.2}{\376\377\000M\000L\000E}{}% 2
\BOOKMARK [2][-]{subsection.2.1}{\376\377\000M\000L\000E\000\040\000d\000i\000\040\000u\000n\000a\000\040\000B\000e\000r\000n\000o\000u\000l\000l\000i\000a\000n\000a}{section.2}% 3
\BOOKMARK [2][-]{subsection.2.2}{\376\377\000M\000L\000E\000\040\000d\000i\000\040\000u\000n\000a\000\040\000P\000o\000i\000s\000s\000o\000n}{section.2}% 4
\BOOKMARK [2][-]{subsection.2.3}{\376\377\000M\000L\000E\000\040\000d\000i\000s\000t\000r\000i\000b\000u\000z\000i\000o\000n\000e\000\040\000U\000n\000i\000f\000o\000r\000m\000e}{section.2}% 5
\BOOKMARK [2][-]{subsection.2.4}{\376\377\000M\000L\000E\000\040\000d\000i\000s\000t\000r\000i\000b\000u\000z\000i\000o\000n\000e\000\040\000N\000o\000r\000m\000a\000l\000e\000\040}{section.2}% 6
\BOOKMARK [1][-]{section.3}{\376\377\000T\000e\000o\000r\000e\000m\000a\000\040\000d\000e\000l\000\040\000l\000i\000m\000i\000t\000e\000\040\000c\000e\000n\000t\000r\000a\000l\000e}{}% 7
\BOOKMARK [1][-]{section.4}{\376\377\000I\000n\000t\000e\000r\000v\000a\000l\000l\000i\000\040\000d\000i\000\040\000c\000o\000n\000f\000i\000d\000e\000n\000z\000a}{}% 8
\BOOKMARK [2][-]{subsection.4.1}{\376\377\000T\000a\000b\000e\000l\000l\000a\000\040\000v\000a\000l\000o\000r\000i\000\040\000a\000l\000p\000h\000a}{section.4}% 9
\BOOKMARK [2][-]{subsection.4.2}{\376\377\000D\000i\000s\000t\000r\000i\000b\000u\000z\000i\000o\000n\000e\000\040\000n\000o\000r\000m\000a\000l\000e}{section.4}% 10
\BOOKMARK [3][-]{subsubsection.4.2.1}{\376\377\000\040\000i\000n\000c\000o\000g\000n\000i\000t\000a\000\040\000e\000\040\000v\000a\000r\000i\000a\000n\000z\000a\000\040\0002\000\040\000n\000o\000t\000a}{subsection.4.2}% 11
\BOOKMARK [3][-]{subsubsection.4.2.2}{\376\377\000\040\000i\000n\000c\000o\000g\000n\000i\000t\000a\000\040\000e\000\040\000v\000a\000r\000i\000a\000n\000z\000a\000\040\0002\000\040\000i\000n\000c\000o\000g\000n\000i\000t\000a}{subsection.4.2}% 12
\BOOKMARK [1][-]{section.5}{\376\377\000I\000n\000t\000e\000r\000v\000a\000l\000l\000i\000\040\000d\000i\000\040\000p\000r\000e\000d\000i\000z\000i\000o\000n\000e}{}% 13
\BOOKMARK [2][-]{subsection.5.1}{\376\377\000P\000r\000e\000d\000i\000z\000i\000o\000n\000e\000\040\000d\000i\000\040\000u\000n\000\040\000e\000l\000e\000m\000e\000n\000t\000o\000\040\000d\000e\000l\000\040\000m\000i\000o\000\040\000c\000a\000m\000p\000i\000o\000n\000e}{section.5}% 14
\BOOKMARK [1][-]{section.6}{\376\377\000I\000n\000t\000e\000r\000v\000a\000l\000l\000i\000\040\000d\000i\000\040\000c\000o\000n\000f\000i\000d\000e\000n\000z\000a\000\040\000p\000e\000r\000\040\000l\000a\000\040\000v\000a\000r\000i\000a\000n\000z\000a}{}% 15
\BOOKMARK [2][-]{subsection.6.1}{\376\377\000S\000t\000i\000m\000e\000\040\000p\000e\000r\000\040\000l\000a\000\040\000d\000i\000f\000f\000e\000r\000e\000n\000z\000a\000\040\000t\000r\000a\000\040\000l\000e\000\040\000m\000e\000d\000i\000e\000\040\000d\000i\000\040\000d\000u\000e\000\040\000p\000o\000p\000o\000l\000a\000z\000i\000o\000n\000i\000\040\000n\000o\000r\000m\000a\000l\000i}{section.6}% 16
\BOOKMARK [1][-]{section.7}{\376\377\000Q\000u\000a\000l\000i\000t\000\340\000\040\000e\000d\000\040\000e\000f\000f\000i\000c\000i\000e\000n\000z\000a\000\040\000d\000e\000g\000l\000i\000\040\000s\000t\000i\000m\000a\000t\000o\000r\000i}{}% 17
\BOOKMARK [2][-]{subsection.7.1}{\376\377\000B\000i\000a\000s\000\040\000e\000\040\000P\000o\000l\000a\000r\000i\000z\000z\000a\000z\000i\000o\000n\000e}{section.7}% 18
\BOOKMARK [2][-]{subsection.7.2}{\376\377\000C\000o\000m\000b\000i\000n\000a\000z\000i\000o\000n\000i\000\040\000d\000i\000\040\000s\000t\000i\000m\000a\000t\000o\000r\000i\000\040\000c\000o\000r\000r\000e\000t\000t\000i}{section.7}% 19
\BOOKMARK [2][-]{subsection.7.3}{\376\377\000S\000t\000i\000m\000a\000t\000o\000r\000e\000\040\000d\000e\000l\000l\000a\000\040\000m\000e\000d\000i\000a\000\040\000d\000i\000\040\000u\000n\000a\000\040\000d\000i\000s\000t\000r\000i\000b\000u\000z\000i\000o\000n\000e\000\040\000u\000n\000i\000f\000o\000r\000m\000e}{section.7}% 20
\BOOKMARK [1][-]{section.8}{\376\377\000S\000t\000i\000m\000a\000t\000o\000r\000i\000\040\000B\000a\000y\000e\000s\000i\000a\000n\000i}{}% 21
\BOOKMARK [2][-]{subsection.8.1}{\376\377\000S\000t\000i\000m\000a\000t\000o\000r\000e\000\040\000d\000i\000\040\000\040\000p\000e\000r\000\040\000u\000n\000a\000\040\000N\000o\000r\000m\000a\000l\000e}{section.8}% 22
\BOOKMARK [2][-]{subsection.8.2}{\376\377\000S\000t\000i\000m\000a\000t\000o\000r\000e\000\040\000d\000i\000\040\000\040\000p\000e\000r\000\040\000U\000n\000i\000f\000o\000r\000m\000i}{section.8}% 23
\BOOKMARK [1][-]{section.9}{\376\377\000V\000e\000r\000i\000f\000i\000c\000a\000\040\000d\000e\000l\000l\000e\000\040\000i\000p\000o\000t\000e\000s\000i}{}% 24
\BOOKMARK [2][-]{subsection.9.1}{\376\377\000L\000i\000v\000e\000l\000l\000i\000\040\000d\000i\000\040\000s\000i\000g\000n\000i\000f\000i\000c\000a\000t\000i\000v\000i\000t\000\340}{section.9}% 25
\BOOKMARK [2][-]{subsection.9.2}{\376\377\000V\000e\000r\000i\000f\000i\000c\000a\000\040\000d\000i\000\040\000i\000p\000o\000t\000e\000s\000i\000\040\000s\000u\000l\000l\000a\000\040\000m\000e\000d\000i\000a\000\040\000d\000i\000\040\000u\000n\000a\000\040\000p\000o\000p\000o\000l\000a\000z\000i\000o\000n\000e\000\040\000n\000o\000r\000m\000a\000l\000e}{section.9}% 26
\BOOKMARK [3][-]{subsubsection.9.2.1}{\376\377\000Q\000u\000a\000n\000d\000o\000\040\000l\000a\000\040\000v\000a\000r\000i\000a\000n\000z\000a\000\040\000n\000o\000n\000\040\000\350\000\040\000n\000o\000t\000a\000:\000\040\000i\000l\000\040\000t\000e\000s\000t\000\040\000t}{subsection.9.2}% 27
\BOOKMARK [2][-]{subsection.9.3}{\376\377\000T\000e\000s\000t\000\040\000u\000n\000i\000l\000a\000t\000e\000r\000a\000l\000i}{section.9}% 28
\BOOKMARK [2][-]{subsection.9.4}{\376\377\000V\000e\000r\000i\000f\000i\000c\000a\000\040\000s\000e\000\040\000d\000u\000e\000\040\000p\000o\000p\000o\000l\000a\000z\000i\000o\000n\000i\000\040\000h\000a\000n\000n\000o\000\040\000l\000a\000\040\000s\000t\000e\000s\000s\000a\000\040\000m\000e\000d\000i\000a}{section.9}% 29
\BOOKMARK [3][-]{subsubsection.9.4.1}{\376\377\000I\000l\000\040\000c\000a\000s\000o\000\040\000i\000n\000\040\000c\000u\000i\000\040\000l\000e\000\040\000v\000a\000r\000i\000a\000n\000z\000e\000\040\000s\000o\000n\000o\000\040\000n\000o\000t\000e}{subsection.9.4}% 30
\BOOKMARK [3][-]{subsubsection.9.4.2}{\376\377\000I\000l\000\040\000c\000a\000s\000o\000\040\000i\000n\000\040\000c\000u\000i\000\040\000l\000e\000\040\000v\000a\000r\000i\000a\000n\000z\000e\000\040\000n\000o\000n\000\040\000s\000o\000n\000o\000\040\000n\000o\000t\000e\000\040\000m\000a\000\040\000s\000u\000p\000p\000o\000n\000i\000a\000m\000o\000\040\000s\000i\000a\000n\000o\000\040\000u\000g\000u\000a\000l\000i}{subsection.9.4}% 31
\BOOKMARK [3][-]{subsubsection.9.4.3}{\376\377\000v\000e\000r\000i\000f\000i\000c\000a\000\040\000d\000i\000\040\000d\000u\000e\000\040\000p\000o\000p\000o\000l\000a\000z\000i\000o\000n\000i\000\040\000c\000o\000n\000\040\000s\000t\000e\000s\000s\000a\000\040\000m\000e\000d\000i\000a}{subsection.9.4}% 32
\BOOKMARK [2][-]{subsection.9.5}{\376\377\000I\000l\000\040\000t\000e\000s\000t\000\040\000t\000\040\000p\000e\000r\000\040\000c\000a\000m\000p\000i\000o\000n\000i\000\040\000d\000i\000\040\000c\000o\000p\000p\000i\000e\000\040\000d\000i\000\040\000d\000a\000t\000i}{section.9}% 33
\BOOKMARK [2][-]{subsection.9.6}{\376\377\000V\000e\000r\000i\000f\000i\000c\000a\000\040\000d\000i\000\040\000i\000p\000o\000t\000e\000s\000i\000\040\000s\000u\000l\000l\000a\000\040\000v\000a\000r\000i\000a\000n\000z\000a\000\040\000d\000i\000\040\000u\000n\000a\000\040\000p\000o\000p\000o\000l\000a\000z\000i\000o\000n\000e\000\040\000n\000o\000r\000m\000a\000l\000e}{section.9}% 34
\BOOKMARK [2][-]{subsection.9.7}{\376\377\000V\000e\000r\000i\000f\000i\000c\000a\000\040\000d\000i\000\040\000d\000u\000e\000\040\000p\000o\000p\000o\000l\000a\000z\000i\000o\000n\000e\000\040\000n\000o\000r\000m\000a\000l\000i\000\040\000c\000h\000e\000\040\000h\000a\000n\000n\000o\000\040\000l\000a\000\040\000s\000t\000e\000s\000s\000a\000\040\000v\000a\000r\000i\000a\000n\000z\000a}{section.9}% 35
\BOOKMARK [1][-]{section.10}{\376\377\000R\000e\000g\000r\000e\000s\000s\000i\000o\000n\000e\000\040\000l\000i\000n\000e\000a\000r\000e}{}% 36
\BOOKMARK [2][-]{subsection.10.1}{\376\377\000S\000t\000i\000m\000a\000\040\000d\000i\000\040\000p\000a\000r\000a\000m\000e\000t\000r\000i\000\040\000d\000i\000\040\000r\000e\000g\000r\000e\000s\000s\000i\000o\000n\000e}{section.10}% 37
\BOOKMARK [3][-]{subsubsection.10.1.1}{\376\377\000M\000e\000t\000o\000d\000o\000\040\000d\000e\000i\000\040\000m\000i\000n\000i\000m\000i\000\040\000q\000u\000a\000d\000r\000a\000t\000i}{subsection.10.1}% 38
\BOOKMARK [1][-]{section.11}{\376\377\000D\000i\000s\000t\000r\000i\000b\000u\000z\000i\000o\000n\000e\000\040\000d\000e\000g\000l\000i\000\040\000s\000t\000i\000m\000a\000t\000o\000r\000i}{}% 39
\BOOKMARK [1][-]{section.12}{\376\377\000I\000n\000f\000e\000r\000e\000n\000z\000a\000\040\000s\000u\000i\000\040\000p\000a\000r\000a\000m\000e\000t\000r\000i\000\040\000d\000e\000l\000l\000a\000\040\000r\000e\000g\000r\000e\000s\000s\000i\000o\000n\000e}{}% 40
\BOOKMARK [2][-]{subsection.12.1}{\376\377\000I\000n\000f\000e\000r\000e\000n\000z\000a\000\040\000s\000u\000\040}{section.12}% 41
\BOOKMARK [2][-]{subsection.12.2}{\376\377\000I\000n\000f\000e\000r\000e\000n\000z\000a\000\040\000s\000u\000\040}{section.12}% 42
\BOOKMARK [2][-]{subsection.12.3}{\376\377\000I\000n\000f\000e\000r\000e\000n\000z\000a\000\040\000s\000u\000\040\000+\000\040\000x\0000\000\040\000\050\000t\000e\000s\000t\000\040\000s\000u\000\040\000Y\000\051}{section.12}% 43
\BOOKMARK [3][-]{subsubsection.12.3.1}{\376\377\000I\000n\000t\000e\000r\000v\000a\000l\000l\000i\000\040\000d\000i\000\040\000c\000o\000n\000f\000i\000d\000e\000n\000z\000a}{subsection.12.3}% 44
\BOOKMARK [2][-]{subsection.12.4}{\376\377\000I\000n\000f\000e\000r\000e\000n\000z\000a\000\040\000d\000i\000\040\000Y\0000\000\040\000=\000\040\000Y\000\050\000x\0000\000\051\000\040\000\040\000p\000r\000e\000d\000i\000t\000t\000i\000v\000o}{section.12}% 45
\BOOKMARK [2][-]{subsection.12.5}{\376\377\000C\000o\000e\000f\000f\000i\000c\000i\000e\000n\000t\000e\000\040\000d\000i\000\040\000d\000e\000t\000e\000r\000m\000i\000n\000a\000z\000i\000o\000n\000e}{section.12}% 46
\BOOKMARK [2][-]{subsection.12.6}{\376\377\000C\000o\000e\000f\000f\000i\000c\000i\000e\000n\000t\000e\000\040\000d\000i\000\040\000c\000o\000r\000r\000e\000l\000a\000z\000i\000o\000n\000e}{section.12}% 47
\BOOKMARK [2][-]{subsection.12.7}{\376\377\000A\000n\000a\000l\000i\000s\000i\000\040\000d\000e\000i\000\040\000r\000e\000s\000i\000d\000u\000i}{section.12}% 48
\BOOKMARK [2][-]{subsection.12.8}{\376\377\000T\000r\000a\000s\000f\000o\000r\000m\000a\000z\000i\000o\000n\000e\000\040\000a\000l\000\040\000l\000i\000n\000e\000a\000r\000e}{section.12}% 49
\BOOKMARK [2][-]{subsection.12.9}{\376\377\000R\000i\000m\000e\000d\000i\000o\000\040\000a\000l\000\040\000c\000a\000s\000o\000\040\000e\000t\000e\000r\000o\000s\000c\000h\000e\000d\000a\000s\000t\000i\000c\000o}{section.12}% 50
\BOOKMARK [1][-]{section.13}{\376\377\000A\000N\000.\000O\000.\000V\000A}{}% 51
\BOOKMARK [2][-]{subsection.13.1}{\376\377\000A\000n\000o\000v\000a\000\040\000a\000\040\0001\000\040\000v\000i\000a}{section.13}% 52
\BOOKMARK [3][-]{subsubsection.13.1.1}{\376\377\000S\000t\000i\000m\000a\000\040\000d\000i\000\040\0002\000\040\000v\000a\000l\000i\000d\000a\000\040\000s\000o\000l\000o\000\040\000q\000u\000a\000n\000d\000o\000\040\000i\000\040\000=\000\040}{subsection.13.1}% 53
\BOOKMARK [1][-]{section.14}{\376\377\000S\000t\000i\000m\000a\000\040\000d\000i\000\040\000a\000f\000f\000i\000d\000a\000b\000i\000l\000i\000t\000\340\000\040\000d\000e\000i\000\040\000s\000i\000s\000t\000e\000m\000i}{}% 54
\BOOKMARK [2][-]{subsection.14.1}{\376\377\000I\000n\000t\000r\000o\000d\000u\000z\000i\000o\000n\000e}{section.14}% 55
\BOOKMARK [2][-]{subsection.14.2}{\376\377\000F\000u\000n\000z\000i\000o\000n\000e\000\040\000d\000i\000\040\000i\000n\000t\000e\000n\000s\000i\000t\000\340\000\040\000d\000i\000\040\000r\000o\000t\000t\000u\000r\000e}{section.14}% 56
\BOOKMARK [2][-]{subsection.14.3}{\376\377\000I\000l\000\040\000r\000u\000o\000l\000o\000\040\000d\000e\000l\000l\000a\000\040\000d\000i\000s\000t\000r\000i\000b\000u\000z\000i\000o\000n\000e\000\040\000e\000s\000p\000o\000n\000e\000n\000z\000i\000a\000l\000e}{section.14}% 57
\BOOKMARK [3][-]{subsubsection.14.3.1}{\376\377\000I\000n\000t\000e\000r\000r\000u\000z\000i\000o\000n\000e\000\040\000a\000l\000\040\000f\000a\000l\000l\000i\000m\000e\000n\000t\000o\000\040\000r\000-\000e\000s\000i\000m\000o}{subsection.14.3}% 58
\BOOKMARK [2][-]{subsection.14.4}{\376\377\000p\000r\000o\000v\000e\000\040\000s\000i\000m\000u\000l\000t\000a\000n\000e\000e}{section.14}% 59
