\BOOKMARK [1][-]{section.1}{\376\377\000I\000n\000t\000r\000o\000d\000u\000z\000i\000o\000n\000e\000\040\000a\000l\000l\000a\000\040\000p\000r\000o\000b\000a\000b\000i\000l\000i\000t\000\340}{}% 1
\BOOKMARK [2][-]{subsection.1.1}{\376\377\000G\000l\000o\000s\000s\000a\000r\000i\000o}{section.1}% 2
\BOOKMARK [2][-]{subsection.1.2}{\376\377\000M\000o\000d\000a\000\040\000e\000\040\000M\000e\000d\000i\000a\000n\000a}{section.1}% 3
\BOOKMARK [3][-]{subsubsection.1.2.1}{\376\377\000M\000o\000d\000a}{subsection.1.2}% 4
\BOOKMARK [3][-]{subsubsection.1.2.2}{\376\377\000M\000e\000d\000i\000a\000n\000a}{subsection.1.2}% 5
\BOOKMARK [2][-]{subsection.1.3}{\376\377\000M\000e\000d\000i\000a\000\040\000e\000\040\000V\000a\000r\000i\000a\000n\000z\000a\000\040\000C\000a\000m\000p\000i\000o\000n\000a\000r\000i\000a}{section.1}% 6
\BOOKMARK [3][-]{subsubsection.1.3.1}{\376\377\000M\000e\000d\000i\000a\000\040\000C\000a\000m\000p\000i\000o\000n\000a\000r\000i\000a}{subsection.1.3}% 7
\BOOKMARK [3][-]{subsubsection.1.3.2}{\376\377\000V\000a\000r\000i\000a\000n\000z\000a\000\040\000C\000a\000m\000p\000i\000o\000n\000a\000r\000i\000a}{subsection.1.3}% 8
\BOOKMARK [2][-]{subsection.1.4}{\376\377\000D\000i\000s\000u\000g\000a\000g\000l\000i\000a\000n\000z\000a\000\040\000d\000i\000\040\000C\000h\000e\000b\000y\000s\000h\000e\000v}{section.1}% 9
\BOOKMARK [2][-]{subsection.1.5}{\376\377\000P\000e\000r\000c\000e\000n\000t\000i\000l\000e}{section.1}% 10
\BOOKMARK [2][-]{subsection.1.6}{\376\377\000I\000n\000s\000i\000e\000m\000e\000\040\000d\000i\000\040\000d\000a\000t\000i\000\040\000B\000i\000v\000a\000r\000i\000a\000t\000i}{section.1}% 11
\BOOKMARK [3][-]{subsubsection.1.6.1}{\376\377\000C\000o\000e\000f\000f\000i\000c\000i\000e\000n\000t\000e\000\040\000d\000i\000\040\000c\000o\000r\000r\000e\000l\000a\000z\000i\000o\000n\000e\000\040\000c\000a\000m\000p\000i\000o\000n\000a\000r\000i\000o}{subsection.1.6}% 12
\BOOKMARK [2][-]{subsection.1.7}{\376\377\000P\000e\000r\000m\000u\000t\000a\000z\000i\000o\000n\000i\000,\000\040\000C\000o\000m\000b\000i\000n\000a\000z\000i\000o\000n\000i\000\040\000e\000\040\000D\000i\000s\000p\000o\000s\000i\000z\000i\000o\000n\000i}{section.1}% 13
\BOOKMARK [3][-]{subsubsection.1.7.1}{\376\377\000P\000e\000r\000m\000u\000t\000a\000z\000i\000o\000n\000i}{subsection.1.7}% 14
\BOOKMARK [3][-]{subsubsection.1.7.2}{\376\377\000C\000o\000m\000b\000i\000n\000a\000z\000i\000o\000n\000i}{subsection.1.7}% 15
\BOOKMARK [3][-]{subsubsection.1.7.3}{\376\377\000D\000i\000s\000p\000o\000s\000i\000z\000i\000o\000n\000i}{subsection.1.7}% 16
\BOOKMARK [2][-]{subsection.1.8}{\376\377\000P\000r\000o\000b\000a\000b\000i\000l\000i\000t\000\340\000\040\000c\000o\000n\000d\000i\000z\000i\000o\000n\000a\000t\000a}{section.1}% 17
\BOOKMARK [3][-]{subsubsection.1.8.1}{\376\377\000T\000e\000o\000r\000e\000m\000a\000\040\000d\000i\000\040\000B\000a\000y\000e\000s}{subsection.1.8}% 18
\BOOKMARK [2][-]{subsection.1.9}{\376\377\000O\000p\000e\000r\000a\000z\000i\000o\000n\000i\000\040\000e\000\040\000p\000r\000o\000p\000r\000i\000e\000t\000\340\000\040\000t\000r\000a\000\040\000e\000v\000e\000n\000t\000i}{section.1}% 19
\BOOKMARK [1][-]{section.2}{\376\377\000V\000a\000r\000i\000a\000b\000i\000l\000e\000\040\000a\000l\000e\000a\000t\000o\000r\000i\000e}{}% 20
\BOOKMARK [2][-]{subsection.2.1}{\376\377\000F\000u\000n\000z\000i\000o\000n\000e\000\040\000d\000i\000\040\000r\000i\000p\000a\000r\000t\000i\000z\000i\000o\000n\000e\000\040\000\050\000T\000u\000t\000t\000e\000\040\000l\000e\000\040\000v\000a\000r\000i\000a\000b\000i\000l\000i\000\051}{section.2}% 21
\BOOKMARK [2][-]{subsection.2.2}{\376\377\000F\000u\000n\000z\000i\000o\000n\000e\000\040\000d\000i\000\040\000m\000a\000s\000s\000a\000\040\000\050\000V\000a\000r\000i\000a\000b\000i\000l\000i\000\040\000d\000i\000s\000c\000r\000e\000t\000e\000\051}{section.2}% 22
\BOOKMARK [2][-]{subsection.2.3}{\376\377\000F\000u\000n\000z\000i\000o\000n\000e\000\040\000d\000e\000l\000l\000a\000\040\000d\000e\000n\000s\000i\000t\000\340\000\040\000d\000i\000\040\000p\000r\000o\000b\000a\000b\000i\000l\000i\000t\000\340\000\040\000\050\000V\000a\000r\000i\000a\000b\000i\000l\000i\000\040\000c\000o\000n\000t\000i\000n\000u\000e\000\051}{section.2}% 23
\BOOKMARK [1][-]{section.3}{\376\377\000F\000u\000n\000z\000i\000o\000n\000i\000\040\000a\000\040\000d\000u\000e\000\040\000v\000a\000r\000i\000a\000b\000i\000l\000i}{}% 24
\BOOKMARK [2][-]{subsection.3.1}{\376\377\000F\000u\000n\000z\000i\000o\000n\000e\000\040\000d\000i\000\040\000r\000i\000p\000a\000r\000t\000i\000z\000i\000o\000n\000e\000\040\000c\000o\000n\000g\000i\000u\000n\000t\000a}{section.3}% 25
\BOOKMARK [2][-]{subsection.3.2}{\376\377\000F\000u\000n\000z\000i\000o\000n\000e\000\040\000d\000i\000\040\000m\000a\000s\000s\000a\000\040\000c\000o\000n\000g\000i\000u\000n\000t\000a}{section.3}% 26
\BOOKMARK [2][-]{subsection.3.3}{\376\377\000F\000u\000n\000z\000i\000o\000n\000e\000\040\000d\000e\000n\000s\000i\000t\000\340\000\040\000c\000o\000n\000g\000i\000u\000n\000t\000a}{section.3}% 27
\BOOKMARK [2][-]{subsection.3.4}{\376\377\000V\000a\000r\000i\000a\000b\000i\000l\000i\000\040\000a\000l\000e\000a\000t\000o\000r\000i\000e\000\040\000i\000n\000d\000i\000p\000e\000n\000d\000e\000n\000t\000i}{section.3}% 28
\BOOKMARK [3][-]{subsubsection.3.4.1}{\376\377\000X\000,\000Y\000\040\000i\000n\000d\000i\000p\000e\000n\000d\000e\000n\000t\000i}{subsection.3.4}% 29
\BOOKMARK [2][-]{subsection.3.5}{\376\377\000D\000i\000s\000t\000r\000i\000b\000u\000z\000i\000o\000n\000i\000\040\000c\000o\000n\000d\000i\000z\000i\000o\000n\000a\000t\000e}{section.3}% 30
\BOOKMARK [2][-]{subsection.3.6}{\376\377\000f\000u\000n\000z\000i\000o\000n\000e\000\040\000d\000i\000\040\000m\000a\000s\000s\000a\000\040\000c\000o\000n\000d\000i\000z\000i\000o\000n\000a\000t\000a\000\040\000\050\000D\000i\000s\000c\000r\000e\000t\000e\000\051}{section.3}% 31
\BOOKMARK [2][-]{subsection.3.7}{\376\377\000f\000u\000n\000z\000i\000o\000n\000e\000\040\000d\000i\000\040\000d\000e\000n\000s\000i\000t\000\340\000\040\000c\000o\000n\000d\000i\000z\000i\000o\000n\000a\000t\000a\000\040\000\050\000C\000o\000n\000t\000i\000n\000u\000e\000\051}{section.3}% 32
\BOOKMARK [1][-]{section.4}{\376\377\000V\000a\000l\000o\000r\000e\000\040\000a\000t\000t\000e\000s\000o}{}% 33
\BOOKMARK [2][-]{subsection.4.1}{\376\377\000F\000u\000n\000z\000i\000o\000n\000e\000\040\000d\000i\000\040\000m\000a\000s\000s\000a\000\040\000\050\000D\000i\000s\000c\000r\000e\000t\000e\000\051}{section.4}% 34
\BOOKMARK [2][-]{subsection.4.2}{\376\377\000F\000u\000n\000z\000i\000o\000n\000e\000\040\000d\000i\000\040\000d\000e\000n\000s\000i\000t\000\340\000\040\000\050\000C\000o\000n\000t\000i\000n\000u\000e\000\051}{section.4}% 35
\BOOKMARK [2][-]{subsection.4.3}{\376\377\000V\000a\000l\000o\000r\000e\000\040\000a\000t\000t\000e\000s\000o\000\040\000d\000i\000\040\000u\000n\000a\000\040\000f\000u\000n\000z\000i\000o\000n\000e}{section.4}% 36
\BOOKMARK [2][-]{subsection.4.4}{\376\377\000D\000i\000m\000o\000s\000t\000r\000a\000z\000i\000o\000n\000i}{section.4}% 37
\BOOKMARK [2][-]{subsection.4.5}{\376\377\000M\000o\000m\000e\000n\000t\000i\000\040\000N\000-\000e\000s\000i\000m\000i\000\040\000n\000e\000l\000\040\000v\000a\000l\000o\000r\000e\000\040\000a\000t\000t\000e\000s\000o}{section.4}% 38
\BOOKMARK [2][-]{subsection.4.6}{\376\377\000V\000a\000l\000o\000r\000e\000\040\000a\000t\000t\000e\000s\000o\000\040\000d\000e\000l\000l\000a\000\040\000s\000o\000m\000m\000a\000\040\000d\000i\000\040\000d\000u\000e\000\040\000v\000a\000r\000i\000a\000b\000i\000l\000i}{section.4}% 39
\BOOKMARK [1][-]{section.5}{\376\377\000V\000a\000r\000i\000a\000n\000z\000a}{}% 40
\BOOKMARK [2][-]{subsection.5.1}{\376\377\000C\000o\000s\000t\000a\000n\000t\000i\000\040\000r\000e\000a\000l\000i\000\040\000n\000e\000l\000l\000a\000\040\000v\000a\000r\000i\000a\000n\000z\000a}{section.5}% 41
\BOOKMARK [1][-]{section.6}{\376\377\000D\000e\000v\000i\000a\000z\000i\000o\000n\000e\000\040\000S\000t\000a\000n\000d\000a\000r\000d}{}% 42
\BOOKMARK [1][-]{section.7}{\376\377\000C\000o\000v\000a\000r\000i\000a\000n\000z\000a}{}% 43
\BOOKMARK [2][-]{subsection.7.1}{\376\377\000P\000r\000o\000p\000r\000i\000e\000t\000\340\000\040\000d\000e\000l\000l\000a\000\040\000c\000o\000v\000a\000r\000i\000a\000n\000z\000a}{section.7}% 44
\BOOKMARK [2][-]{subsection.7.2}{\376\377\000C\000o\000e\000f\000f\000i\000c\000i\000e\000n\000t\000e\000\040\000d\000i\000\040\000c\000o\000r\000r\000e\000l\000a\000z\000i\000o\000n\000e\000\040\000l\000i\000n\000e\000a\000r\000e}{section.7}% 45
\BOOKMARK [1][-]{section.8}{\376\377\000F\000u\000n\000z\000i\000o\000n\000e\000\040\000g\000e\000n\000e\000r\000a\000t\000r\000i\000c\000e\000\040\000d\000e\000i\000\040\000m\000o\000m\000e\000n\000t\000i}{}% 46
\BOOKMARK [2][-]{subsection.8.1}{\376\377\000D\000i\000s\000u\000g\000a\000g\000l\000i\000a\000n\000z\000a\000\040\000d\000i\000\040\000M\000a\000r\000k\000o\000v}{section.8}% 47
\BOOKMARK [2][-]{subsection.8.2}{\376\377\000D\000i\000s\000u\000g\000a\000g\000l\000i\000a\000n\000z\000a\000\040\000d\000i\000\040\000C\000h\000e\000b\000y\000s\000h\000e\000v}{section.8}% 48
\BOOKMARK [1][-]{section.9}{\376\377\000L\000e\000g\000g\000e\000\040\000d\000e\000b\000o\000l\000e\000\040\000d\000e\000i\000\040\000g\000r\000a\000n\000d\000i\000\040\000n\000u\000m\000e\000r\000i}{}% 49
\BOOKMARK [1][-]{section.10}{\376\377\000M\000o\000d\000e\000l\000l\000i\000\040\000d\000i\000\040\000v\000a\000r\000i\000a\000b\000i\000l\000i\000\040\000a\000l\000e\000a\000t\000o\000r\000i\000e}{}% 50
\BOOKMARK [2][-]{subsection.10.1}{\376\377\000B\000e\000r\000n\000o\000u\000l\000l\000i}{section.10}% 51
\BOOKMARK [2][-]{subsection.10.2}{\376\377\000B\000i\000n\000o\000m\000i\000a\000l\000i}{section.10}% 52
\BOOKMARK [3][-]{subsubsection.10.2.1}{\376\377\000V\000a\000l\000o\000r\000e\000\040\000a\000t\000t\000e\000s\000o\000\040\000e\000\040\000v\000a\000r\000i\000a\000n\000z\000a\000\040\000d\000i\000\040\000B\000i\000n\000o\000m\000i\000a\000l\000i}{subsection.10.2}% 53
\BOOKMARK [3][-]{subsubsection.10.2.2}{\376\377\000F\000u\000n\000z\000i\000o\000n\000e\000\040\000d\000i\000\040\000m\000a\000s\000s\000a\000\040\000e\000\040\000d\000i\000\040\000r\000i\000p\000a\000r\000t\000i\000z\000i\000o\000n\000e\000\040\000d\000i\000\040\000B\000i\000n\000o\000m\000i\000a\000l\000i}{subsection.10.2}% 54
\BOOKMARK [2][-]{subsection.10.3}{\376\377\000P\000o\000i\000s\000s\000o\000n}{section.10}% 55
\BOOKMARK [3][-]{subsubsection.10.3.1}{\376\377\000C\000a\000l\000c\000o\000l\000o\000\040\000e\000s\000p\000l\000i\000c\000i\000t\000o\000\040\000d\000e\000l\000l\000a\000\040\000d\000i\000s\000t\000r\000i\000b\000u\000z\000i\000o\000n\000e\000\040\000d\000i\000\040\000P\000o\000i\000s\000s\000o\000n}{subsection.10.3}% 56
\BOOKMARK [2][-]{subsection.10.4}{\376\377\000I\000p\000e\000r\000g\000e\000o\000m\000e\000t\000r\000i\000c\000h\000e}{section.10}% 57
\BOOKMARK [3][-]{subsubsection.10.4.1}{\376\377\000M\000e\000d\000i\000a\000\040\000e\000\040\000v\000a\000r\000i\000a\000n\000z\000a\000\040\000d\000e\000l\000l\000e\000\040\000i\000p\000e\000r\000g\000e\000o\000m\000e\000t\000r\000i\000c\000h\000e}{subsection.10.4}% 58
\BOOKMARK [3][-]{subsubsection.10.4.2}{\376\377\000R\000e\000l\000a\000z\000i\000o\000n\000i\000\040\000t\000r\000a\000\040\000B\000i\000n\000o\000m\000i\000a\000l\000i\000\040\000e\000d\000\040\000I\000p\000e\000r\000g\000e\000o\000m\000e\000t\000r\000i\000c\000h\000e}{subsection.10.4}% 59
\BOOKMARK [2][-]{subsection.10.5}{\376\377\000U\000n\000i\000f\000o\000r\000m\000i}{section.10}% 60
\BOOKMARK [3][-]{subsubsection.10.5.1}{\376\377\000C\000o\000n\000t\000i\000n\000u\000e}{subsection.10.5}% 61
\BOOKMARK [3][-]{subsubsection.10.5.2}{\376\377\000D\000i\000s\000c\000r\000e\000t\000e}{subsection.10.5}% 62
\BOOKMARK [2][-]{subsection.10.6}{\376\377\000N\000o\000r\000m\000a\000l\000i\000\040\000o\000\040\000G\000a\000u\000s\000s\000i\000a\000n\000e}{section.10}% 63
\BOOKMARK [2][-]{subsection.10.7}{\376\377\000E\000s\000p\000o\000n\000e\000n\000z\000i\000a\000l\000i}{section.10}% 64
\BOOKMARK [2][-]{subsection.10.8}{\376\377\000P\000r\000o\000c\000e\000s\000s\000i\000\040\000s\000t\000o\000c\000a\000s\000t\000i\000c\000i\000\040\000\050\000P\000o\000i\000s\000s\000o\000n\000\051}{section.10}% 65
\BOOKMARK [2][-]{subsection.10.9}{\376\377\000G\000a\000m\000m\000a}{section.10}% 66
\BOOKMARK [1][-]{section.11}{\376\377\000D\000i\000s\000t\000r\000i\000b\000u\000z\000i\000o\000n\000i\000\040\000c\000h\000e\000\040\000d\000e\000r\000i\000v\000a\000n\000o\000\040\000d\000a\000\040\000q\000u\000e\000l\000l\000a\000\040\000n\000o\000r\000m\000a\000l\000e}{}% 67
\BOOKMARK [2][-]{subsection.11.1}{\376\377\000C\000h\000i\000-\000q\000u\000a\000d\000r\000o}{section.11}% 68
\BOOKMARK [2][-]{subsection.11.2}{\376\377\000D\000i\000s\000t\000r\000i\000b\000u\000z\000i\000o\000n\000e\000\040\000T}{section.11}% 69
\BOOKMARK [2][-]{subsection.11.3}{\376\377\000D\000i\000s\000t\000r\000i\000b\000u\000z\000i\000o\000n\000e\000\040\000F}{section.11}% 70
\BOOKMARK [2][-]{subsection.11.4}{\376\377\000D\000i\000s\000t\000r\000i\000b\000u\000z\000i\000o\000n\000e\000\040\000l\000o\000g\000i\000s\000t\000i\000c\000a}{section.11}% 71
